# JRE version: OpenJDK Runtime Environment (8.0_202) (build 1.8.0_202-release-1483-b49-5587405)
# Java VM: OpenJDK 64-Bit Server VM (25.202-b49-5587405 mixed mode bsd-amd64 compressed oops)
Heap:
 PSYoungGen      total 394752K, used 33132K [0x00000007a0000000, 0x00000007c0000000, 0x00000007c0000000)
  eden space 258048K, 0% used [0x00000007a0000000,0x00000007a0000000,0x00000007afc00000)
  from space 136704K, 24% used [0x00000007b7a80000,0x00000007b9adb258,0x00000007c0000000)
  to   space 129536K, 0% used [0x00000007afc00000,0x00000007afc00000,0x00000007b7a80000)
 ParOldGen       total 474624K, used 438158K [0x0000000760000000, 0x000000077cf80000, 0x00000007a0000000)
  object space 474624K, 92% used [0x0000000760000000,0x000000077abe3878,0x000000077cf80000)
 Metaspace       used 250585K, capacity 263148K, committed 263296K, reserved 1280000K
  class space    used 30091K, capacity 32338K, committed 32384K, reserved 1048576K
GC Heap History (10 events):
Event: 15133.256 GC heap after
Heap after GC invocations=295 (full 27):
 PSYoungGen      total 379392K, used 93898K [0x00000007a0000000, 0x00000007c0000000, 0x00000007c0000000)
  eden space 262144K, 0% used [0x00000007a0000000,0x00000007a0000000,0x00000007b0000000)
  from space 117248K, 80% used [0x00000007b8b00000,0x00000007be6b29f0,0x00000007bfd80000)
  to   space 131072K, 0% used [0x00000007b0000000,0x00000007b0000000,0x00000007b8000000)
 ParOldGen       total 474624K, used 310070K [0x0000000760000000, 0x000000077cf80000, 0x00000007a0000000)
  object space 474624K, 65% used [0x0000000760000000,0x0000000772ecda28,0x000000077cf80000)
 Metaspace       used 243937K, capacity 255852K, committed 256128K, reserved 1273856K
  class space    used 29366K, capacity 31518K, committed 31616K, reserved 1048576K
}
Event: 15134.710 GC heap before
{Heap before GC invocations=296 (full 27):
 PSYoungGen      total 379392K, used 356042K [0x00000007a0000000, 0x00000007c0000000, 0x00000007c0000000)
  eden space 262144K, 100% used [0x00000007a0000000,0x00000007b0000000,0x00000007b0000000)
  from space 117248K, 80% used [0x00000007b8b00000,0x00000007be6b29f0,0x00000007bfd80000)
  to   space 131072K, 0% used [0x00000007b0000000,0x00000007b0000000,0x00000007b8000000)
 ParOldGen       total 474624K, used 310070K [0x0000000760000000, 0x000000077cf80000, 0x00000007a0000000)
  object space 474624K, 65% used [0x0000000760000000,0x0000000772ecda28,0x000000077cf80000)
 Metaspace       used 243962K, capacity 255852K, committed 256128K, reserved 1273856K
  class space    used 29366K, capacity 31518K, committed 31616K, reserved 1048576K
Event: 15134.986 GC heap after
Heap after GC invocations=296 (full 27):
 PSYoungGen      total 393216K, used 32994K [0x00000007a0000000, 0x00000007bfe80000, 0x00000007c0000000)
  eden space 262144K, 0% used [0x00000007a0000000,0x00000007a0000000,0x00000007b0000000)
  from space 131072K, 25% used [0x00000007b0000000,0x00000007b20388a8,0x00000007b8000000)
  to   space 123392K, 0% used [0x00000007b8600000,0x00000007b8600000,0x00000007bfe80000)
 ParOldGen       total 474624K, used 349187K [0x0000000760000000, 0x000000077cf80000, 0x00000007a0000000)
  object space 474624K, 73% used [0x0000000760000000,0x0000000775500c80,0x000000077cf80000)
 Metaspace       used 243962K, capacity 255852K, committed 256128K, reserved 1273856K
  class space    used 29366K, capacity 31518K, committed 31616K, reserved 1048576K
}
Event: 15458.933 GC heap before
{Heap before GC invocations=297 (full 27):
 PSYoungGen      total 393216K, used 293466K [0x00000007a0000000, 0x00000007bfe80000, 0x00000007c0000000)
  eden space 262144K, 99% used [0x00000007a0000000,0x00000007afe5e330,0x00000007b0000000)
  from space 131072K, 25% used [0x00000007b0000000,0x00000007b20388a8,0x00000007b8000000)
  to   space 123392K, 0% used [0x00000007b8600000,0x00000007b8600000,0x00000007bfe80000)
 ParOldGen       total 474624K, used 349187K [0x0000000760000000, 0x000000077cf80000, 0x00000007a0000000)
  object space 474624K, 73% used [0x0000000760000000,0x0000000775500c80,0x000000077cf80000)
 Metaspace       used 244336K, capacity 256684K, committed 257024K, reserved 1273856K
  class space    used 29431K, capacity 31636K, committed 31744K, reserved 1048576K
Event: 15459.626 GC heap after
Heap after GC invocations=297 (full 27):
 PSYoungGen      total 375808K, used 24944K [0x00000007a0000000, 0x00000007bed80000, 0x00000007c0000000)
  eden space 269824K, 0% used [0x00000007a0000000,0x00000007a0000000,0x00000007b0780000)
  from space 105984K, 23% used [0x00000007b8600000,0x00000007b9e5c250,0x00000007bed80000)
  to   space 117760K, 0% used [0x00000007b0780000,0x00000007b0780000,0x00000007b7a80000)
 ParOldGen       total 474624K, used 380662K [0x0000000760000000, 0x000000077cf80000, 0x00000007a0000000)
  object space 474624K, 80% used [0x0000000760000000,0x00000007773bd8f8,0x000000077cf80000)
 Metaspace       used 244336K, capacity 256684K, committed 257024K, reserved 1273856K
  class space    used 29431K, capacity 31636K, committed 31744K, reserved 1048576K
}
Event: 15463.158 GC heap before
{Heap before GC invocations=298 (full 27):
 PSYoungGen      total 375808K, used 294768K [0x00000007a0000000, 0x00000007bed80000, 0x00000007c0000000)
  eden space 269824K, 100% used [0x00000007a0000000,0x00000007b0780000,0x00000007b0780000)
  from space 105984K, 23% used [0x00000007b8600000,0x00000007b9e5c250,0x00000007bed80000)
  to   space 117760K, 0% used [0x00000007b0780000,0x00000007b0780000,0x00000007b7a80000)
 ParOldGen       total 474624K, used 380662K [0x0000000760000000, 0x000000077cf80000, 0x00000007a0000000)
  object space 474624K, 80% used [0x0000000760000000,0x00000007773bd8f8,0x000000077cf80000)
 Metaspace       used 250490K, capacity 262898K, committed 263296K, reserved 1280000K
  class space    used 30074K, capacity 32307K, committed 32384K, reserved 1048576K
Event: 15464.270 GC heap after
Heap after GC invocations=298 (full 27):
 PSYoungGen      total 387584K, used 110915K [0x00000007a0000000, 0x00000007c0000000, 0x00000007c0000000)
  eden space 269824K, 0% used [0x00000007a0000000,0x00000007a0000000,0x00000007b0780000)
  from space 117760K, 94% used [0x00000007b0780000,0x00000007b73d0eb8,0x00000007b7a80000)
  to   space 136704K, 0% used [0x00000007b7a80000,0x00000007b7a80000,0x00000007c0000000)
 ParOldGen       total 474624K, used 398619K [0x0000000760000000, 0x000000077cf80000, 0x00000007a0000000)
  object space 474624K, 83% used [0x0000000760000000,0x0000000778546f60,0x000000077cf80000)
 Metaspace       used 250490K, capacity 262898K, committed 263296K, reserved 1280000K
  class space    used 30074K, capacity 32307K, committed 32384K, reserved 1048576K
}
Event: 15466.665 GC heap before
{Heap before GC invocations=299 (full 27):
 PSYoungGen      total 387584K, used 380739K [0x00000007a0000000, 0x00000007c0000000, 0x00000007c0000000)
  eden space 269824K, 100% used [0x00000007a0000000,0x00000007b0780000,0x00000007b0780000)
  from space 117760K, 94% used [0x00000007b0780000,0x00000007b73d0eb8,0x00000007b7a80000)
  to   space 136704K, 0% used [0x00000007b7a80000,0x00000007b7a80000,0x00000007c0000000)
 ParOldGen       total 474624K, used 398619K [0x0000000760000000, 0x000000077cf80000, 0x00000007a0000000)
  object space 474624K, 83% used [0x0000000760000000,0x0000000778546f60,0x000000077cf80000)
 Metaspace       used 250585K, capacity 263148K, committed 263296K, reserved 1280000K
  class space    used 30091K, capacity 32338K, committed 32384K, reserved 1048576K
Event: 15466.794 GC heap after
Heap after GC invocations=299 (full 27):
 PSYoungGen      total 394752K, used 33132K [0x00000007a0000000, 0x00000007c0000000, 0x00000007c0000000)
  eden space 258048K, 0% used [0x00000007a0000000,0x00000007a0000000,0x00000007afc00000)
  from space 136704K, 24% used [0x00000007b7a80000,0x00000007b9adb258,0x00000007c0000000)
  to   space 129536K, 0% used [0x00000007afc00000,0x00000007afc00000,0x00000007b7a80000)
 ParOldGen       total 474624K, used 438158K [0x0000000760000000, 0x000000077cf80000, 0x00000007a0000000)
  object space 474624K, 92% used [0x0000000760000000,0x000000077abe3878,0x000000077cf80000)
 Metaspace       used 250585K, capacity 263148K, committed 263296K, reserved 1280000K
  class space    used 30091K, capacity 32338K, committed 32384K, reserved 1048576K
}
Event: 15466.794 GC heap before
{Heap before GC invocations=300 (full 28):
 PSYoungGen      total 394752K, used 33132K [0x00000007a0000000, 0x00000007c0000000, 0x00000007c0000000)
  eden space 258048K, 0% used [0x00000007a0000000,0x00000007a0000000,0x00000007afc00000)
  from space 136704K, 24% used [0x00000007b7a80000,0x00000007b9adb258,0x00000007c0000000)
  to   space 129536K, 0% used [0x00000007afc00000,0x00000007afc00000,0x00000007b7a80000)
 ParOldGen       total 474624K, used 438158K [0x0000000760000000, 0x000000077cf80000, 0x00000007a0000000)
  object space 474624K, 92% used [0x0000000760000000,0x000000077abe3878,0x000000077cf80000)
 Metaspace       used 250585K, capacity 263148K, committed 263296K, reserved 1280000K
  class space    used 30091K, capacity 32338K, committed 32384K, reserved 1048576K

